[35m[1mConsolidate compiler generated dependencies of target nav2_ultrasonic_costmap_plugin_core[0m
[ 50%] [32mBuilding CXX object CMakeFiles/nav2_ultrasonic_costmap_plugin_core.dir/src/ultrasonic_layer.cpp.o[0m
In file included from [01m[K/home/ubuntu/Documents/ENGR489_Navigation/src/nav2_ultrasonic_costmap_plugin/src/ultrasonic_layer.cpp:48[m[K:
[01m[K/home/ubuntu/Documents/ENGR489_Navigation/src/nav2_ultrasonic_costmap_plugin/include/nav2_ultrasonic_costmap_plugin/ultrasonic_layer.hpp:[m[K In member function â€˜[01m[Kdouble nav2_ultrasonic_costmap_plugin::UltrasonicLayer::distanceToSegment(double, double, double, double)[m[Kâ€™:
[01m[K/home/ubuntu/Documents/ENGR489_Navigation/src/nav2_ultrasonic_costmap_plugin/include/nav2_ultrasonic_costmap_plugin/ultrasonic_layer.hpp:243:10:[m[K [01;35m[Kwarning: [m[Kunused variable â€˜[01m[KC[m[Kâ€™ [[01;35m[K]8;;https://gcc.gnu.org/onlinedocs/gcc/Warning-Options.html#index-Wunused-variable-Wunused-variable]8;;[m[K]
  243 |   double [01;35m[KC[m[K = sqrt(Asqrd+Bsqrd);
      |          [01;35m[K^[m[K
[01m[K/home/ubuntu/Documents/ENGR489_Navigation/src/nav2_ultrasonic_costmap_plugin/include/nav2_ultrasonic_costmap_plugin/ultrasonic_layer.hpp:275:1:[m[K [01;35m[Kwarning: [m[Kno return statement in function returning non-void [[01;35m[K]8;;https://gcc.gnu.org/onlinedocs/gcc/Warning-Options.html#index-Wreturn-type-Wreturn-type]8;;[m[K]
  275 | [01;35m[K}[m[K
      | [01;35m[K^[m[K
[01m[K/home/ubuntu/Documents/ENGR489_Navigation/src/nav2_ultrasonic_costmap_plugin/src/ultrasonic_layer.cpp:[m[K In member function â€˜[01m[Kvoid nav2_ultrasonic_costmap_plugin::UltrasonicLayer::updateCostmap(sensor_msgs::msg::Range&, bool)[m[Kâ€™:
[01m[K/home/ubuntu/Documents/ENGR489_Navigation/src/nav2_ultrasonic_costmap_plugin/src/ultrasonic_layer.cpp:407:41:[m[K [01;31m[Kerror: [m[Kno matching function for call to â€˜[01m[Knav2_ultrasonic_costmap_plugin::UltrasonicLayer::distanceToSegment(unsigned int&, unsigned int&, int&, int&, int&, int&)[m[Kâ€™
  407 |         bool buffer = ([01;31m[KdistanceToSegment(x, y, Ax, Ay, Bx, By)[m[K <= buffer_distance ||
      |                        [01;31m[K~~~~~~~~~~~~~~~~~^~~~~~~~~~~~~~~~~~~~~~[m[K
In file included from [01m[K/home/ubuntu/Documents/ENGR489_Navigation/src/nav2_ultrasonic_costmap_plugin/src/ultrasonic_layer.cpp:48[m[K:
[01m[K/home/ubuntu/Documents/ENGR489_Navigation/src/nav2_ultrasonic_costmap_plugin/include/nav2_ultrasonic_costmap_plugin/ultrasonic_layer.hpp:240:10:[m[K [01;36m[Knote: [m[Kcandidate: â€˜[01m[Kdouble nav2_ultrasonic_costmap_plugin::UltrasonicLayer::distanceToSegment(double, double, double, double)[m[Kâ€™
  240 |   double [01;36m[KdistanceToSegment[m[K(double x, double y, double x1, double y1) { // added new function
      |          [01;36m[K^~~~~~~~~~~~~~~~~[m[K
[01m[K/home/ubuntu/Documents/ENGR489_Navigation/src/nav2_ultrasonic_costmap_plugin/include/nav2_ultrasonic_costmap_plugin/ultrasonic_layer.hpp:240:10:[m[K [01;36m[Knote: [m[K  candidate expects 4 arguments, 6 provided
[01m[K/home/ubuntu/Documents/ENGR489_Navigation/src/nav2_ultrasonic_costmap_plugin/src/ultrasonic_layer.cpp:408:30:[m[K [01;31m[Kerror: [m[Kno matching function for call to â€˜[01m[Knav2_ultrasonic_costmap_plugin::UltrasonicLayer::distanceToSegment(unsigned int&, unsigned int&, int&, int&, int&, int&)[m[Kâ€™
  408 |             [01;31m[KdistanceToSegment(x, y, Bx, By, Ox, Oy)[m[K <= buffer_distance ||
      |             [01;31m[K~~~~~~~~~~~~~~~~~^~~~~~~~~~~~~~~~~~~~~~[m[K
In file included from [01m[K/home/ubuntu/Documents/ENGR489_Navigation/src/nav2_ultrasonic_costmap_plugin/src/ultrasonic_layer.cpp:48[m[K:
[01m[K/home/ubuntu/Documents/ENGR489_Navigation/src/nav2_ultrasonic_costmap_plugin/include/nav2_ultrasonic_costmap_plugin/ultrasonic_layer.hpp:240:10:[m[K [01;36m[Knote: [m[Kcandidate: â€˜[01m[Kdouble nav2_ultrasonic_costmap_plugin::UltrasonicLayer::distanceToSegment(double, double, double, double)[m[Kâ€™
  240 |   double [01;36m[KdistanceToSegment[m[K(double x, double y, double x1, double y1) { // added new function
      |          [01;36m[K^~~~~~~~~~~~~~~~~[m[K
[01m[K/home/ubuntu/Documents/ENGR489_Navigation/src/nav2_ultrasonic_costmap_plugin/include/nav2_ultrasonic_costmap_plugin/ultrasonic_layer.hpp:240:10:[m[K [01;36m[Knote: [m[K  candidate expects 4 arguments, 6 provided
[01m[K/home/ubuntu/Documents/ENGR489_Navigation/src/nav2_ultrasonic_costmap_plugin/src/ultrasonic_layer.cpp:409:30:[m[K [01;31m[Kerror: [m[Kno matching function for call to â€˜[01m[Knav2_ultrasonic_costmap_plugin::UltrasonicLayer::distanceToSegment(unsigned int&, unsigned int&, int&, int&, int&, int&)[m[Kâ€™
  409 |             [01;31m[KdistanceToSegment(x, y, Ox, Oy, Ax, Ay)[m[K <= buffer_distance);
      |             [01;31m[K~~~~~~~~~~~~~~~~~^~~~~~~~~~~~~~~~~~~~~~[m[K
In file included from [01m[K/home/ubuntu/Documents/ENGR489_Navigation/src/nav2_ultrasonic_costmap_plugin/src/ultrasonic_layer.cpp:48[m[K:
[01m[K/home/ubuntu/Documents/ENGR489_Navigation/src/nav2_ultrasonic_costmap_plugin/include/nav2_ultrasonic_costmap_plugin/ultrasonic_layer.hpp:240:10:[m[K [01;36m[Knote: [m[Kcandidate: â€˜[01m[Kdouble nav2_ultrasonic_costmap_plugin::UltrasonicLayer::distanceToSegment(double, double, double, double)[m[Kâ€™
  240 |   double [01;36m[KdistanceToSegment[m[K(double x, double y, double x1, double y1) { // added new function
      |          [01;36m[K^~~~~~~~~~~~~~~~~[m[K
[01m[K/home/ubuntu/Documents/ENGR489_Navigation/src/nav2_ultrasonic_costmap_plugin/include/nav2_ultrasonic_costmap_plugin/ultrasonic_layer.hpp:240:10:[m[K [01;36m[Knote: [m[K  candidate expects 4 arguments, 6 provided
gmake[2]: *** [CMakeFiles/nav2_ultrasonic_costmap_plugin_core.dir/build.make:76: CMakeFiles/nav2_ultrasonic_costmap_plugin_core.dir/src/ultrasonic_layer.cpp.o] Error 1
gmake[1]: *** [CMakeFiles/Makefile2:137: CMakeFiles/nav2_ultrasonic_costmap_plugin_core.dir/all] Error 2
gmake: *** [Makefile:146: all] Error 2
